<?xml version="1.0" encoding="UTF-8"?>
<coverage generated="1779224171659" clover="3.2.0">
  <project timestamp="1779224171660" name="All files">
    <metrics statements="13" coveredstatements="12" conditionals="10" coveredconditionals="9" methods="4" coveredmethods="4" elements="27" coveredelements="25" complexity="0" loc="13" ncloc="13" packages="1" files="2" classes="2"/>
    <file name="Banner.jsx" path="C:\Users\taski\Desktop\KASA_2\TesteurLogiciel_appli_location_immobiliere_React\vite-project\src\components\Banner.jsx">
      <metrics statements="1" coveredstatements="1" conditionals="0" coveredconditionals="0" methods="1" coveredmethods="1"/>
      <line num="2" count="2" type="stmt"/>
    </file>
    <file name="Slideshow.jsx" path="C:\Users\taski\Desktop\KASA_2\TesteurLogiciel_appli_location_immobiliere_React\vite-project\src\components\Slideshow.jsx">
      <metrics statements="12" coveredstatements="11" conditionals="10" coveredconditionals="9" methods="3" coveredmethods="3"/>
      <line num="4" count="11" type="stmt"/>
      <line num="6" count="11" type="cond" truecount="4" falsecount="0"/>
      <line num="7" count="1" type="stmt"/>
      <line num="10" count="10" type="stmt"/>
      <line num="13" count="4" type="cond" truecount="2" falsecount="0"/>
      <line num="14" count="1" type="stmt"/>
      <line num="16" count="3" type="stmt"/>
      <line num="21" count="1" type="cond" truecount="1" falsecount="1"/>
      <line num="22" count="1" type="stmt"/>
      <line num="24" count="0" type="stmt"/>
      <line num="28" count="10" type="stmt"/>
      <line num="30" count="10" type="stmt"/>
    </file>
  </project>
</coverage>
